{
  "RSpec": {
    "coverage": {
      "/Users/kavepol.k/Desktop/youngwow-training/spec/problem_one_spec.rb": {
        "lines": [
          1,
          null,
          1,
          1,
          1,
          1,
          null,
          null,
          1,
          1,
          1,
          null,
          null,
          1,
          1,
          1,
          null,
          null,
          1,
          1,
          1,
          null,
          null
        ]
      },
      "/Users/kavepol.k/Desktop/youngwow-training/problem_one.rb": {
        "lines": [
          1,
          1,
          4,
          4,
          null,
          null
        ]
      }
    },
    "timestamp": 1652063367
  }
}
